g++ main.cpp func.cpp -o exe -lm ; ./exe
4 --- 2 3 1 4 
w[0]------------------
0.905895 0.0470429 0.408989 
-0.420198 -0.910578 -0.497466 
----------------------
w[1]------------------
0.815338 
0.419429 
0.400056 
----------------------
w[2]------------------
-0.0179489 -0.339063 0.0403001 0.0190985 
----------------------

+++++++++++++++++++++++++++++++++++
b[0]------------------
0.835755 -0.695658 0.168339 
b[1]------------------
-0.993026 
b[2]------------------
-0.554264 -0.70111 -0.768281 0.495359 
